<?xml version="1.0" encoding="UTF-8"?>
<!-- Generated by org.testng.reporters.JUnitReportReporter -->
<testsuite hostname="Sarib-PC" name="com.darkmatter.test.TodosTestCase" tests="4" failures="0" timestamp="2 Jun 2018 21:31:55 GMT" time="116.275" errors="0">
  <testcase name="testClearedCompletedItem" time="27.259" classname="com.darkmatter.test.TodosTestCase"/>
  <testcase name="testCreateTodoList" time="27.212" classname="com.darkmatter.test.TodosTestCase"/>
  <testcase name="testCompleteTodoItem" time="26.661" classname="com.darkmatter.test.TodosTestCase"/>
  <testcase name="testActiveToDoItem" time="35.143" classname="com.darkmatter.test.TodosTestCase"/>
</testsuite> <!-- com.darkmatter.test.TodosTestCase -->
